2022-12-08 14:45:21,528 INFO o.a.j.u.JMeterUtils: Setting Locale to en_EN
2022-12-08 14:45:21,548 INFO o.a.j.JMeter: Loading user properties from: /home/franck/dev/apache-jmeter-5.5/bin/user.properties
2022-12-08 14:45:21,550 INFO o.a.j.JMeter: Loading system properties from: /home/franck/dev/apache-jmeter-5.5/bin/system.properties
2022-12-08 14:45:21,558 INFO o.a.j.JMeter: Copyright (c) 1998-2022 The Apache Software Foundation
2022-12-08 14:45:21,558 INFO o.a.j.JMeter: Version 5.5
2022-12-08 14:45:21,558 INFO o.a.j.JMeter: java.version=17.0.5
2022-12-08 14:45:21,559 INFO o.a.j.JMeter: java.vm.name=OpenJDK 64-Bit Server VM
2022-12-08 14:45:21,559 INFO o.a.j.JMeter: os.name=Linux
2022-12-08 14:45:21,559 INFO o.a.j.JMeter: os.arch=amd64
2022-12-08 14:45:21,559 INFO o.a.j.JMeter: os.version=5.15.0-56-generic
2022-12-08 14:45:21,559 INFO o.a.j.JMeter: file.encoding=UTF-8
2022-12-08 14:45:21,559 INFO o.a.j.JMeter: java.awt.headless=null
2022-12-08 14:45:21,559 INFO o.a.j.JMeter: Max memory     =1073741824
2022-12-08 14:45:21,560 INFO o.a.j.JMeter: Available Processors =8
2022-12-08 14:45:21,569 INFO o.a.j.JMeter: Default Locale=English (EN)
2022-12-08 14:45:21,570 INFO o.a.j.JMeter: JMeter  Locale=English (EN)
2022-12-08 14:45:21,570 INFO o.a.j.JMeter: JMeterHome=/home/franck/dev/apache-jmeter-5.5
2022-12-08 14:45:21,570 INFO o.a.j.JMeter: user.dir  =/home/franck/dev/tp-spring-boot
2022-12-08 14:45:21,570 INFO o.a.j.JMeter: PWD       =/home/franck/dev/tp-spring-boot
2022-12-08 14:45:21,571 INFO o.a.j.JMeter: IP: 127.0.1.1 Name: franck-virtual-machine FullName: franck-virtual-machine
2022-12-08 14:45:21,581 INFO o.a.j.JMeter: Loaded icon properties from org/apache/jmeter/images/icon.properties
2022-12-08 14:45:21,869 INFO o.a.j.JMeterGuiLauncher: Setting LAF to: laf:javax.swing.plaf.metal.MetalLookAndFeel
2022-12-08 14:45:36,864 INFO o.a.j.g.JMeterUIDefaults: Applying font scale factor: 1.1
2022-12-08 14:45:38,520 INFO o.a.j.g.JMeterUIDefaults: Applying font scale factor: 1.21
2022-12-08 14:45:40,109 INFO o.a.j.g.JMeterUIDefaults: Applying font scale factor: 1.3310001
2022-12-08 14:45:42,010 INFO o.a.j.g.JMeterUIDefaults: Applying font scale factor: 1.4641001
2022-12-08 14:45:48,730 INFO o.a.j.s.FileServer: Default base='/home/franck/dev/tp-spring-boot'
2022-12-08 14:45:48,733 INFO o.a.j.g.a.Load: Loading file: /home/franck/dev/Thread Group.jmx
2022-12-08 14:45:48,733 INFO o.a.j.s.FileServer: Set new base='/home/franck/dev'
2022-12-08 14:45:48,858 INFO o.a.j.s.SaveService: Testplan (JMX) version: 2.2. Testlog (JTL) version: 2.2
2022-12-08 14:45:48,876 INFO o.a.j.s.SaveService: Using SaveService properties version 5.0
2022-12-08 14:45:48,878 INFO o.a.j.s.SaveService: Using SaveService properties file encoding UTF-8
2022-12-08 14:45:48,879 INFO o.a.j.s.SaveService: Loading file: /home/franck/dev/Thread Group.jmx
2022-12-08 14:45:48,895 INFO o.a.j.p.h.s.HTTPSamplerBase: Parser for text/html is org.apache.jmeter.protocol.http.parser.LagartoBasedHtmlParser
2022-12-08 14:45:48,896 INFO o.a.j.p.h.s.HTTPSamplerBase: Parser for application/xhtml+xml is org.apache.jmeter.protocol.http.parser.LagartoBasedHtmlParser
2022-12-08 14:45:48,896 INFO o.a.j.p.h.s.HTTPSamplerBase: Parser for application/xml is org.apache.jmeter.protocol.http.parser.LagartoBasedHtmlParser
2022-12-08 14:45:48,896 INFO o.a.j.p.h.s.HTTPSamplerBase: Parser for text/xml is org.apache.jmeter.protocol.http.parser.LagartoBasedHtmlParser
2022-12-08 14:45:48,896 INFO o.a.j.p.h.s.HTTPSamplerBase: Parser for text/vnd.wap.wml is org.apache.jmeter.protocol.http.parser.RegexpHTMLParser
2022-12-08 14:45:48,896 INFO o.a.j.p.h.s.HTTPSamplerBase: Parser for text/css is org.apache.jmeter.protocol.http.parser.CssParser
2022-12-08 14:45:49,022 INFO o.a.j.s.FileServer: Set new base='/home/franck/dev'
2022-12-08 14:47:38,632 INFO o.a.j.g.JMeterUIDefaults: Applying font scale factor: 1.6105101
2022-12-08 14:47:41,085 INFO o.a.j.e.StandardJMeterEngine: Running the test!
2022-12-08 14:47:41,086 INFO o.a.j.s.SampleEvent: List of sample_variables: []
2022-12-08 14:47:41,086 INFO o.a.j.s.SampleEvent: List of sample_variables: []
2022-12-08 14:47:41,087 INFO o.a.j.e.u.CompoundVariable: Note: Function class names must contain the string: '.functions.'
2022-12-08 14:47:41,087 INFO o.a.j.e.u.CompoundVariable: Note: Function class names must not contain the string: '.gui.'
2022-12-08 14:47:41,121 INFO o.a.j.g.u.JMeterMenuBar: setRunning(true, *local*)
2022-12-08 14:47:41,160 INFO o.a.j.e.StandardJMeterEngine: Starting ThreadGroup: 1 : Thread Group
2022-12-08 14:47:41,160 INFO o.a.j.e.StandardJMeterEngine: Starting 100 threads for group Thread Group.
2022-12-08 14:47:41,160 INFO o.a.j.e.StandardJMeterEngine: Thread will continue on error
2022-12-08 14:47:41,160 INFO o.a.j.t.ThreadGroup: Starting thread group... number=1 threads=100 ramp-up=60 delayedStart=false
2022-12-08 14:47:41,164 INFO o.a.j.t.JMeterThread: Thread started: Thread Group 1-1
2022-12-08 14:47:41,182 INFO o.a.j.p.h.s.HTTPHCAbstractImpl: Local host = franck-virtual-machine
2022-12-08 14:47:41,192 INFO o.a.j.p.h.s.HTTPHC4Impl: HTTP request retry count = 0
2022-12-08 14:47:41,195 INFO o.a.j.s.SampleResult: Note: Sample TimeStamps are START times
2022-12-08 14:47:41,195 INFO o.a.j.s.SampleResult: sampleresult.default.encoding is set to ISO-8859-1
2022-12-08 14:47:41,196 INFO o.a.j.s.SampleResult: sampleresult.useNanoTime=true
2022-12-08 14:47:41,196 INFO o.a.j.s.SampleResult: sampleresult.nanoThreadSleep=5000
2022-12-08 14:47:41,214 INFO o.a.j.t.ThreadGroup: Started thread group number 1
2022-12-08 14:47:41,214 INFO o.a.j.e.StandardJMeterEngine: All thread groups have been started
2022-12-08 14:47:41,762 INFO o.a.j.t.JMeterThread: Thread started: Thread Group 1-2
2022-12-08 14:47:42,362 INFO o.a.j.t.JMeterThread: Thread started: Thread Group 1-3
2022-12-08 14:47:42,398 INFO o.a.j.u.JsseSSLManager: Using default SSL protocol: TLS
2022-12-08 14:47:42,398 INFO o.a.j.u.JsseSSLManager: SSL session context: per-thread
2022-12-08 14:47:42,962 INFO o.a.j.t.JMeterThread: Thread started: Thread Group 1-4
2022-12-08 14:47:43,562 INFO o.a.j.t.JMeterThread: Thread started: Thread Group 1-5
2022-12-08 14:47:44,162 INFO o.a.j.t.JMeterThread: Thread started: Thread Group 1-6
2022-12-08 14:47:44,764 INFO o.a.j.t.JMeterThread: Thread started: Thread Group 1-7
2022-12-08 14:47:45,364 INFO o.a.j.t.JMeterThread: Thread started: Thread Group 1-8
2022-12-08 14:47:45,965 INFO o.a.j.t.JMeterThread: Thread started: Thread Group 1-9
2022-12-08 14:47:46,562 INFO o.a.j.t.JMeterThread: Thread started: Thread Group 1-10
2022-12-08 14:47:47,163 INFO o.a.j.t.JMeterThread: Thread started: Thread Group 1-11
2022-12-08 14:47:47,766 INFO o.a.j.t.JMeterThread: Thread started: Thread Group 1-12
2022-12-08 14:47:48,366 INFO o.a.j.t.JMeterThread: Thread started: Thread Group 1-13
2022-12-08 14:47:48,962 INFO o.a.j.t.JMeterThread: Thread started: Thread Group 1-14
2022-12-08 14:47:49,562 INFO o.a.j.t.JMeterThread: Thread started: Thread Group 1-15
2022-12-08 14:47:50,162 INFO o.a.j.t.JMeterThread: Thread started: Thread Group 1-16
2022-12-08 14:47:50,762 INFO o.a.j.t.JMeterThread: Thread started: Thread Group 1-17
2022-12-08 14:47:51,362 INFO o.a.j.t.JMeterThread: Thread started: Thread Group 1-18
2022-12-08 14:47:51,962 INFO o.a.j.t.JMeterThread: Thread started: Thread Group 1-19
2022-12-08 14:47:52,562 INFO o.a.j.t.JMeterThread: Thread started: Thread Group 1-20
2022-12-08 14:47:53,162 INFO o.a.j.t.JMeterThread: Thread started: Thread Group 1-21
2022-12-08 14:47:53,762 INFO o.a.j.t.JMeterThread: Thread started: Thread Group 1-22
2022-12-08 14:47:54,361 INFO o.a.j.t.JMeterThread: Thread started: Thread Group 1-23
2022-12-08 14:47:54,963 INFO o.a.j.t.JMeterThread: Thread started: Thread Group 1-24
2022-12-08 14:47:55,562 INFO o.a.j.t.JMeterThread: Thread started: Thread Group 1-25
2022-12-08 14:47:56,162 INFO o.a.j.t.JMeterThread: Thread started: Thread Group 1-26
2022-12-08 14:47:56,763 INFO o.a.j.t.JMeterThread: Thread started: Thread Group 1-27
2022-12-08 14:47:57,363 INFO o.a.j.t.JMeterThread: Thread started: Thread Group 1-28
2022-12-08 14:47:57,962 INFO o.a.j.t.JMeterThread: Thread started: Thread Group 1-29
2022-12-08 14:47:58,562 INFO o.a.j.t.JMeterThread: Thread started: Thread Group 1-30
2022-12-08 14:47:59,162 INFO o.a.j.t.JMeterThread: Thread started: Thread Group 1-31
2022-12-08 14:47:59,763 INFO o.a.j.t.JMeterThread: Thread started: Thread Group 1-32
2022-12-08 14:48:00,362 INFO o.a.j.t.JMeterThread: Thread started: Thread Group 1-33
2022-12-08 14:48:00,961 INFO o.a.j.t.JMeterThread: Thread started: Thread Group 1-34
2022-12-08 14:48:01,563 INFO o.a.j.t.JMeterThread: Thread started: Thread Group 1-35
2022-12-08 14:48:02,162 INFO o.a.j.t.JMeterThread: Thread started: Thread Group 1-36
2022-12-08 14:48:02,761 INFO o.a.j.t.JMeterThread: Thread started: Thread Group 1-37
2022-12-08 14:48:03,362 INFO o.a.j.t.JMeterThread: Thread started: Thread Group 1-38
2022-12-08 14:48:03,963 INFO o.a.j.t.JMeterThread: Thread started: Thread Group 1-39
2022-12-08 14:48:04,562 INFO o.a.j.t.JMeterThread: Thread started: Thread Group 1-40
2022-12-08 14:48:05,163 INFO o.a.j.t.JMeterThread: Thread started: Thread Group 1-41
2022-12-08 14:48:05,763 INFO o.a.j.t.JMeterThread: Thread started: Thread Group 1-42
2022-12-08 14:48:06,363 INFO o.a.j.t.JMeterThread: Thread started: Thread Group 1-43
2022-12-08 14:48:06,961 INFO o.a.j.t.JMeterThread: Thread started: Thread Group 1-44
2022-12-08 14:48:07,561 INFO o.a.j.t.JMeterThread: Thread started: Thread Group 1-45
2022-12-08 14:48:08,163 INFO o.a.j.t.JMeterThread: Thread started: Thread Group 1-46
2022-12-08 14:48:08,762 INFO o.a.j.t.JMeterThread: Thread started: Thread Group 1-47
2022-12-08 14:48:09,362 INFO o.a.j.t.JMeterThread: Thread started: Thread Group 1-48
2022-12-08 14:48:09,963 INFO o.a.j.t.JMeterThread: Thread started: Thread Group 1-49
2022-12-08 14:48:10,563 INFO o.a.j.t.JMeterThread: Thread started: Thread Group 1-50
2022-12-08 14:48:11,162 INFO o.a.j.t.JMeterThread: Thread started: Thread Group 1-51
2022-12-08 14:48:11,763 INFO o.a.j.t.JMeterThread: Thread started: Thread Group 1-52
2022-12-08 14:48:12,363 INFO o.a.j.t.JMeterThread: Thread started: Thread Group 1-53
2022-12-08 14:48:12,962 INFO o.a.j.t.JMeterThread: Thread started: Thread Group 1-54
2022-12-08 14:48:13,562 INFO o.a.j.t.JMeterThread: Thread started: Thread Group 1-55
2022-12-08 14:48:14,163 INFO o.a.j.t.JMeterThread: Thread started: Thread Group 1-56
2022-12-08 14:48:14,764 INFO o.a.j.t.JMeterThread: Thread started: Thread Group 1-57
2022-12-08 14:48:15,362 INFO o.a.j.t.JMeterThread: Thread started: Thread Group 1-58
2022-12-08 14:48:15,963 INFO o.a.j.t.JMeterThread: Thread started: Thread Group 1-59
2022-12-08 14:48:16,562 INFO o.a.j.t.JMeterThread: Thread started: Thread Group 1-60
2022-12-08 14:48:17,162 INFO o.a.j.t.JMeterThread: Thread started: Thread Group 1-61
2022-12-08 14:48:17,762 INFO o.a.j.t.JMeterThread: Thread started: Thread Group 1-62
2022-12-08 14:48:18,362 INFO o.a.j.t.JMeterThread: Thread started: Thread Group 1-63
2022-12-08 14:48:18,962 INFO o.a.j.t.JMeterThread: Thread started: Thread Group 1-64
2022-12-08 14:48:19,562 INFO o.a.j.t.JMeterThread: Thread started: Thread Group 1-65
2022-12-08 14:48:20,166 INFO o.a.j.t.JMeterThread: Thread started: Thread Group 1-66
2022-12-08 14:48:20,762 INFO o.a.j.t.JMeterThread: Thread started: Thread Group 1-67
2022-12-08 14:48:21,361 INFO o.a.j.t.JMeterThread: Thread started: Thread Group 1-68
2022-12-08 14:48:21,963 INFO o.a.j.t.JMeterThread: Thread started: Thread Group 1-69
2022-12-08 14:48:22,561 INFO o.a.j.t.JMeterThread: Thread started: Thread Group 1-70
2022-12-08 14:48:23,162 INFO o.a.j.t.JMeterThread: Thread started: Thread Group 1-71
2022-12-08 14:48:23,762 INFO o.a.j.t.JMeterThread: Thread started: Thread Group 1-72
2022-12-08 14:48:24,362 INFO o.a.j.t.JMeterThread: Thread started: Thread Group 1-73
2022-12-08 14:48:24,962 INFO o.a.j.t.JMeterThread: Thread started: Thread Group 1-74
2022-12-08 14:48:25,566 INFO o.a.j.t.JMeterThread: Thread started: Thread Group 1-75
2022-12-08 14:48:26,162 INFO o.a.j.t.JMeterThread: Thread started: Thread Group 1-76
2022-12-08 14:48:26,761 INFO o.a.j.t.JMeterThread: Thread started: Thread Group 1-77
2022-12-08 14:48:27,361 INFO o.a.j.t.JMeterThread: Thread started: Thread Group 1-78
2022-12-08 14:48:27,962 INFO o.a.j.t.JMeterThread: Thread started: Thread Group 1-79
2022-12-08 14:48:28,561 INFO o.a.j.t.JMeterThread: Thread started: Thread Group 1-80
2022-12-08 14:48:29,162 INFO o.a.j.t.JMeterThread: Thread started: Thread Group 1-81
2022-12-08 14:48:29,763 INFO o.a.j.t.JMeterThread: Thread started: Thread Group 1-82
2022-12-08 14:48:30,361 INFO o.a.j.t.JMeterThread: Thread started: Thread Group 1-83
2022-12-08 14:48:30,962 INFO o.a.j.t.JMeterThread: Thread started: Thread Group 1-84
2022-12-08 14:48:31,562 INFO o.a.j.t.JMeterThread: Thread started: Thread Group 1-85
2022-12-08 14:48:32,161 INFO o.a.j.t.JMeterThread: Thread started: Thread Group 1-86
2022-12-08 14:48:32,761 INFO o.a.j.t.JMeterThread: Thread started: Thread Group 1-87
2022-12-08 14:48:33,365 INFO o.a.j.t.JMeterThread: Thread started: Thread Group 1-88
2022-12-08 14:48:33,962 INFO o.a.j.t.JMeterThread: Thread started: Thread Group 1-89
2022-12-08 14:48:34,561 INFO o.a.j.t.JMeterThread: Thread started: Thread Group 1-90
2022-12-08 14:48:35,162 INFO o.a.j.t.JMeterThread: Thread started: Thread Group 1-91
2022-12-08 14:48:35,762 INFO o.a.j.t.JMeterThread: Thread started: Thread Group 1-92
2022-12-08 14:48:36,361 INFO o.a.j.t.JMeterThread: Thread started: Thread Group 1-93
2022-12-08 14:48:36,962 INFO o.a.j.t.JMeterThread: Thread started: Thread Group 1-94
2022-12-08 14:48:37,561 INFO o.a.j.t.JMeterThread: Thread started: Thread Group 1-95
2022-12-08 14:48:38,163 INFO o.a.j.t.JMeterThread: Thread started: Thread Group 1-96
2022-12-08 14:48:38,762 INFO o.a.j.t.JMeterThread: Thread started: Thread Group 1-97
2022-12-08 14:48:39,363 INFO o.a.j.t.JMeterThread: Thread started: Thread Group 1-98
2022-12-08 14:48:39,962 INFO o.a.j.t.JMeterThread: Thread started: Thread Group 1-99
2022-12-08 14:48:40,562 INFO o.a.j.t.JMeterThread: Thread started: Thread Group 1-100
2022-12-08 14:49:29,121 INFO o.a.j.g.a.Start: Shutting test down
2022-12-08 14:49:29,135 INFO o.a.j.t.JMeterThread: Stopping: Thread Group 1-17
2022-12-08 14:49:29,135 INFO o.a.j.t.JMeterThread: Stopping: Thread Group 1-27
2022-12-08 14:49:29,135 INFO o.a.j.t.JMeterThread: Stopping: Thread Group 1-57
2022-12-08 14:49:29,135 INFO o.a.j.t.JMeterThread: Stopping: Thread Group 1-12
2022-12-08 14:49:29,135 INFO o.a.j.t.JMeterThread: Stopping: Thread Group 1-16
2022-12-08 14:49:29,135 INFO o.a.j.t.JMeterThread: Stopping: Thread Group 1-92
2022-12-08 14:49:29,135 INFO o.a.j.t.JMeterThread: Stopping: Thread Group 1-26
2022-12-08 14:49:29,135 INFO o.a.j.t.JMeterThread: Stopping: Thread Group 1-44
2022-12-08 14:49:29,135 INFO o.a.j.t.JMeterThread: Stopping: Thread Group 1-83
2022-12-08 14:49:29,136 INFO o.a.j.t.JMeterThread: Stopping: Thread Group 1-42
2022-12-08 14:49:29,136 INFO o.a.j.t.JMeterThread: Stopping: Thread Group 1-61
2022-12-08 14:49:29,136 INFO o.a.j.t.JMeterThread: Stopping: Thread Group 1-73
2022-12-08 14:49:29,136 INFO o.a.j.t.JMeterThread: Stopping: Thread Group 1-19
2022-12-08 14:49:29,136 INFO o.a.j.t.JMeterThread: Stopping: Thread Group 1-38
2022-12-08 14:49:29,136 INFO o.a.j.t.JMeterThread: Stopping: Thread Group 1-36
2022-12-08 14:49:29,136 INFO o.a.j.t.JMeterThread: Stopping: Thread Group 1-5
2022-12-08 14:49:29,136 INFO o.a.j.t.JMeterThread: Stopping: Thread Group 1-54
2022-12-08 14:49:29,136 INFO o.a.j.t.JMeterThread: Stopping: Thread Group 1-90
2022-12-08 14:49:29,136 INFO o.a.j.t.JMeterThread: Stopping: Thread Group 1-91
2022-12-08 14:49:29,136 INFO o.a.j.t.JMeterThread: Stopping: Thread Group 1-39
2022-12-08 14:49:29,136 INFO o.a.j.t.JMeterThread: Stopping: Thread Group 1-13
2022-12-08 14:49:29,136 INFO o.a.j.t.JMeterThread: Stopping: Thread Group 1-72
2022-12-08 14:49:29,136 INFO o.a.j.t.JMeterThread: Stopping: Thread Group 1-60
2022-12-08 14:49:29,136 INFO o.a.j.t.JMeterThread: Stopping: Thread Group 1-78
2022-12-08 14:49:29,136 INFO o.a.j.t.JMeterThread: Stopping: Thread Group 1-55
2022-12-08 14:49:29,136 INFO o.a.j.t.JMeterThread: Stopping: Thread Group 1-9
2022-12-08 14:49:29,136 INFO o.a.j.t.JMeterThread: Stopping: Thread Group 1-85
2022-12-08 14:49:29,136 INFO o.a.j.t.JMeterThread: Stopping: Thread Group 1-20
2022-12-08 14:49:29,136 INFO o.a.j.t.JMeterThread: Stopping: Thread Group 1-53
2022-12-08 14:49:29,136 INFO o.a.j.t.JMeterThread: Stopping: Thread Group 1-22
2022-12-08 14:49:29,136 INFO o.a.j.t.JMeterThread: Stopping: Thread Group 1-81
2022-12-08 14:49:29,136 INFO o.a.j.t.JMeterThread: Stopping: Thread Group 1-88
2022-12-08 14:49:29,137 INFO o.a.j.t.JMeterThread: Stopping: Thread Group 1-89
2022-12-08 14:49:29,137 INFO o.a.j.t.JMeterThread: Stopping: Thread Group 1-52
2022-12-08 14:49:29,137 INFO o.a.j.t.JMeterThread: Stopping: Thread Group 1-10
2022-12-08 14:49:29,137 INFO o.a.j.t.JMeterThread: Stopping: Thread Group 1-24
2022-12-08 14:49:29,137 INFO o.a.j.t.JMeterThread: Stopping: Thread Group 1-94
2022-12-08 14:49:29,137 INFO o.a.j.t.JMeterThread: Stopping: Thread Group 1-28
2022-12-08 14:49:29,137 INFO o.a.j.t.JMeterThread: Stopping: Thread Group 1-59
2022-12-08 14:49:29,137 INFO o.a.j.t.JMeterThread: Stopping: Thread Group 1-67
2022-12-08 14:49:29,137 INFO o.a.j.t.JMeterThread: Stopping: Thread Group 1-11
2022-12-08 14:49:29,137 INFO o.a.j.t.JMeterThread: Stopping: Thread Group 1-70
2022-12-08 14:49:29,137 INFO o.a.j.t.JMeterThread: Stopping: Thread Group 1-95
2022-12-08 14:49:29,137 INFO o.a.j.t.JMeterThread: Stopping: Thread Group 1-79
2022-12-08 14:49:29,137 INFO o.a.j.t.JMeterThread: Stopping: Thread Group 1-69
2022-12-08 14:49:29,137 INFO o.a.j.t.JMeterThread: Stopping: Thread Group 1-37
2022-12-08 14:49:29,137 INFO o.a.j.t.JMeterThread: Stopping: Thread Group 1-96
2022-12-08 14:49:29,137 INFO o.a.j.t.JMeterThread: Stopping: Thread Group 1-4
2022-12-08 14:49:29,137 INFO o.a.j.t.JMeterThread: Stopping: Thread Group 1-77
2022-12-08 14:49:29,137 INFO o.a.j.t.JMeterThread: Stopping: Thread Group 1-25
2022-12-08 14:49:29,137 INFO o.a.j.t.JMeterThread: Stopping: Thread Group 1-8
2022-12-08 14:49:29,137 INFO o.a.j.t.JMeterThread: Stopping: Thread Group 1-84
2022-12-08 14:49:29,138 INFO o.a.j.t.JMeterThread: Stopping: Thread Group 1-87
2022-12-08 14:49:29,138 INFO o.a.j.t.JMeterThread: Stopping: Thread Group 1-50
2022-12-08 14:49:29,138 INFO o.a.j.t.JMeterThread: Stopping: Thread Group 1-80
2022-12-08 14:49:29,138 INFO o.a.j.t.JMeterThread: Stopping: Thread Group 1-58
2022-12-08 14:49:29,138 INFO o.a.j.t.JMeterThread: Stopping: Thread Group 1-97
2022-12-08 14:49:29,138 INFO o.a.j.t.JMeterThread: Stopping: Thread Group 1-29
2022-12-08 14:49:29,138 INFO o.a.j.t.JMeterThread: Stopping: Thread Group 1-18
2022-12-08 14:49:29,138 INFO o.a.j.t.JMeterThread: Stopping: Thread Group 1-32
2022-12-08 14:49:29,138 INFO o.a.j.t.JMeterThread: Stopping: Thread Group 1-46
2022-12-08 14:49:29,138 INFO o.a.j.t.JMeterThread: Stopping: Thread Group 1-48
2022-12-08 14:49:29,138 INFO o.a.j.t.JMeterThread: Stopping: Thread Group 1-49
2022-12-08 14:49:29,138 INFO o.a.j.t.JMeterThread: Stopping: Thread Group 1-68
2022-12-08 14:49:29,138 INFO o.a.j.t.JMeterThread: Stopping: Thread Group 1-62
2022-12-08 14:49:29,138 INFO o.a.j.t.JMeterThread: Stopping: Thread Group 1-86
2022-12-08 14:49:29,138 INFO o.a.j.t.JMeterThread: Stopping: Thread Group 1-23
2022-12-08 14:49:29,139 INFO o.a.j.t.JMeterThread: Stopping: Thread Group 1-82
2022-12-08 14:49:29,139 INFO o.a.j.t.JMeterThread: Stopping: Thread Group 1-66
2022-12-08 14:49:29,139 INFO o.a.j.t.JMeterThread: Stopping: Thread Group 1-43
2022-12-08 14:49:29,139 INFO o.a.j.t.JMeterThread: Stopping: Thread Group 1-6
2022-12-08 14:49:29,139 INFO o.a.j.t.JMeterThread: Stopping: Thread Group 1-35
2022-12-08 14:49:29,139 INFO o.a.j.t.JMeterThread: Stopping: Thread Group 1-1
2022-12-08 14:49:29,139 INFO o.a.j.t.JMeterThread: Stopping: Thread Group 1-41
2022-12-08 14:49:29,139 INFO o.a.j.t.JMeterThread: Stopping: Thread Group 1-74
2022-12-08 14:49:29,139 INFO o.a.j.t.JMeterThread: Stopping: Thread Group 1-76
2022-12-08 14:49:29,139 INFO o.a.j.t.JMeterThread: Stopping: Thread Group 1-2
2022-12-08 14:49:29,139 INFO o.a.j.t.JMeterThread: Stopping: Thread Group 1-21
2022-12-08 14:49:29,139 INFO o.a.j.t.JMeterThread: Stopping: Thread Group 1-15
2022-12-08 14:49:29,140 INFO o.a.j.t.JMeterThread: Stopping: Thread Group 1-33
2022-12-08 14:49:29,140 INFO o.a.j.t.JMeterThread: Stopping: Thread Group 1-45
2022-12-08 14:49:29,140 INFO o.a.j.t.JMeterThread: Stopping: Thread Group 1-75
2022-12-08 14:49:29,140 INFO o.a.j.t.JMeterThread: Stopping: Thread Group 1-93
2022-12-08 14:49:29,140 INFO o.a.j.t.JMeterThread: Stopping: Thread Group 1-7
2022-12-08 14:49:29,140 INFO o.a.j.t.JMeterThread: Stopping: Thread Group 1-51
2022-12-08 14:49:29,140 INFO o.a.j.t.JMeterThread: Stopping: Thread Group 1-100
2022-12-08 14:49:29,140 INFO o.a.j.t.JMeterThread: Stopping: Thread Group 1-99
2022-12-08 14:49:29,140 INFO o.a.j.t.JMeterThread: Stopping: Thread Group 1-14
2022-12-08 14:49:29,140 INFO o.a.j.t.JMeterThread: Stopping: Thread Group 1-56
2022-12-08 14:49:29,140 INFO o.a.j.t.JMeterThread: Stopping: Thread Group 1-40
2022-12-08 14:49:29,140 INFO o.a.j.t.JMeterThread: Stopping: Thread Group 1-47
2022-12-08 14:49:29,140 INFO o.a.j.t.JMeterThread: Stopping: Thread Group 1-31
2022-12-08 14:49:29,140 INFO o.a.j.t.JMeterThread: Stopping: Thread Group 1-30
2022-12-08 14:49:29,140 INFO o.a.j.t.JMeterThread: Stopping: Thread Group 1-64
2022-12-08 14:49:29,140 INFO o.a.j.t.JMeterThread: Stopping: Thread Group 1-3
2022-12-08 14:49:29,141 INFO o.a.j.t.JMeterThread: Stopping: Thread Group 1-98
2022-12-08 14:49:29,141 INFO o.a.j.t.JMeterThread: Stopping: Thread Group 1-34
2022-12-08 14:49:29,141 INFO o.a.j.t.JMeterThread: Stopping: Thread Group 1-65
2022-12-08 14:49:29,141 INFO o.a.j.t.JMeterThread: Stopping: Thread Group 1-63
2022-12-08 14:49:29,141 INFO o.a.j.t.JMeterThread: Stopping: Thread Group 1-71
2022-12-08 14:49:29,145 INFO o.a.j.t.JMeterThread: Thread finished: Thread Group 1-70
2022-12-08 14:49:29,146 INFO o.a.j.t.JMeterThread: Thread finished: Thread Group 1-75
2022-12-08 14:49:29,146 INFO o.a.j.t.JMeterThread: Thread finished: Thread Group 1-42
2022-12-08 14:49:29,146 INFO o.a.j.t.JMeterThread: Thread finished: Thread Group 1-56
2022-12-08 14:49:29,150 INFO o.a.j.t.JMeterThread: Thread finished: Thread Group 1-62
2022-12-08 14:49:29,150 INFO o.a.j.t.JMeterThread: Thread finished: Thread Group 1-73
2022-12-08 14:49:29,153 INFO o.a.j.t.JMeterThread: Thread finished: Thread Group 1-58
2022-12-08 14:49:29,158 INFO o.a.j.t.JMeterThread: Thread finished: Thread Group 1-46
2022-12-08 14:49:29,164 INFO o.a.j.t.JMeterThread: Thread finished: Thread Group 1-8
2022-12-08 14:49:29,168 INFO o.a.j.t.JMeterThread: Thread finished: Thread Group 1-34
2022-12-08 14:49:29,170 INFO o.a.j.t.JMeterThread: Thread finished: Thread Group 1-69
2022-12-08 14:49:29,172 INFO o.a.j.t.JMeterThread: Thread finished: Thread Group 1-68
2022-12-08 14:49:29,175 INFO o.a.j.t.JMeterThread: Thread finished: Thread Group 1-20
2022-12-08 14:49:29,178 INFO o.a.j.t.JMeterThread: Thread finished: Thread Group 1-92
2022-12-08 14:49:29,179 INFO o.a.j.t.JMeterThread: Thread finished: Thread Group 1-71
2022-12-08 14:49:29,181 INFO o.a.j.t.JMeterThread: Thread finished: Thread Group 1-38
2022-12-08 14:49:29,184 INFO o.a.j.t.JMeterThread: Thread finished: Thread Group 1-4
2022-12-08 14:49:29,186 INFO o.a.j.t.JMeterThread: Thread finished: Thread Group 1-39
2022-12-08 14:49:29,189 INFO o.a.j.t.JMeterThread: Thread finished: Thread Group 1-63
2022-12-08 14:49:29,191 INFO o.a.j.t.JMeterThread: Thread finished: Thread Group 1-28
2022-12-08 14:49:29,200 INFO o.a.j.t.JMeterThread: Thread finished: Thread Group 1-25
2022-12-08 14:49:29,202 INFO o.a.j.t.JMeterThread: Thread finished: Thread Group 1-83
2022-12-08 14:49:29,204 INFO o.a.j.t.JMeterThread: Thread finished: Thread Group 1-24
2022-12-08 14:49:29,206 INFO o.a.j.t.JMeterThread: Thread finished: Thread Group 1-33
2022-12-08 14:49:29,209 INFO o.a.j.t.JMeterThread: Thread finished: Thread Group 1-99
2022-12-08 14:49:29,212 INFO o.a.j.t.JMeterThread: Thread finished: Thread Group 1-19
2022-12-08 14:49:29,214 INFO o.a.j.t.JMeterThread: Thread finished: Thread Group 1-50
2022-12-08 14:49:29,219 INFO o.a.j.t.JMeterThread: Thread finished: Thread Group 1-79
2022-12-08 14:49:29,221 INFO o.a.j.t.JMeterThread: Thread finished: Thread Group 1-40
2022-12-08 14:49:29,224 INFO o.a.j.t.JMeterThread: Thread finished: Thread Group 1-93
2022-12-08 14:49:29,226 INFO o.a.j.t.JMeterThread: Thread finished: Thread Group 1-64
2022-12-08 14:49:29,226 INFO o.a.j.t.JMeterThread: Thread finished: Thread Group 1-74
2022-12-08 14:49:29,228 INFO o.a.j.t.JMeterThread: Thread finished: Thread Group 1-61
2022-12-08 14:49:29,230 INFO o.a.j.t.JMeterThread: Thread finished: Thread Group 1-54
2022-12-08 14:49:29,232 INFO o.a.j.t.JMeterThread: Thread finished: Thread Group 1-60
2022-12-08 14:49:29,234 INFO o.a.j.t.JMeterThread: Thread finished: Thread Group 1-48
2022-12-08 14:49:29,235 INFO o.a.j.t.JMeterThread: Thread finished: Thread Group 1-81
2022-12-08 14:49:29,237 INFO o.a.j.t.JMeterThread: Thread finished: Thread Group 1-27
2022-12-08 14:49:29,239 INFO o.a.j.t.JMeterThread: Thread finished: Thread Group 1-12
2022-12-08 14:49:29,240 INFO o.a.j.t.JMeterThread: Thread finished: Thread Group 1-17
2022-12-08 14:49:29,242 INFO o.a.j.t.JMeterThread: Thread finished: Thread Group 1-97
2022-12-08 14:49:29,243 INFO o.a.j.t.JMeterThread: Thread finished: Thread Group 1-30
2022-12-08 14:49:29,244 INFO o.a.j.t.JMeterThread: Thread finished: Thread Group 1-41
2022-12-08 14:49:29,246 INFO o.a.j.t.JMeterThread: Thread finished: Thread Group 1-72
2022-12-08 14:49:29,248 INFO o.a.j.t.JMeterThread: Thread finished: Thread Group 1-66
2022-12-08 14:49:29,249 INFO o.a.j.t.JMeterThread: Thread finished: Thread Group 1-32
2022-12-08 14:49:29,251 INFO o.a.j.t.JMeterThread: Thread finished: Thread Group 1-15
2022-12-08 14:49:29,252 INFO o.a.j.t.JMeterThread: Thread finished: Thread Group 1-86
2022-12-08 14:49:29,253 INFO o.a.j.t.JMeterThread: Thread finished: Thread Group 1-90
2022-12-08 14:49:29,255 INFO o.a.j.t.JMeterThread: Thread finished: Thread Group 1-77
2022-12-08 14:49:29,261 INFO o.a.j.t.JMeterThread: Thread finished: Thread Group 1-23
2022-12-08 14:49:29,267 INFO o.a.j.t.JMeterThread: Thread finished: Thread Group 1-49
2022-12-08 14:49:29,271 INFO o.a.j.t.JMeterThread: Thread finished: Thread Group 1-29
2022-12-08 14:49:29,274 INFO o.a.j.t.JMeterThread: Thread finished: Thread Group 1-59
2022-12-08 14:49:29,277 INFO o.a.j.t.JMeterThread: Thread finished: Thread Group 1-26
2022-12-08 14:49:29,279 INFO o.a.j.t.JMeterThread: Thread finished: Thread Group 1-9
2022-12-08 14:49:29,281 INFO o.a.j.t.JMeterThread: Thread finished: Thread Group 1-44
2022-12-08 14:49:29,283 INFO o.a.j.t.JMeterThread: Thread finished: Thread Group 1-51
2022-12-08 14:49:29,285 INFO o.a.j.t.JMeterThread: Thread finished: Thread Group 1-36
2022-12-08 14:49:29,287 INFO o.a.j.t.JMeterThread: Thread finished: Thread Group 1-43
2022-12-08 14:49:29,290 INFO o.a.j.t.JMeterThread: Thread finished: Thread Group 1-31
2022-12-08 14:49:29,301 INFO o.a.j.t.JMeterThread: Thread finished: Thread Group 1-16
2022-12-08 14:49:29,302 INFO o.a.j.t.JMeterThread: Thread finished: Thread Group 1-94
2022-12-08 14:49:29,304 INFO o.a.j.t.JMeterThread: Thread finished: Thread Group 1-14
2022-12-08 14:49:29,306 INFO o.a.j.t.JMeterThread: Thread finished: Thread Group 1-11
2022-12-08 14:49:29,311 INFO o.a.j.t.JMeterThread: Thread finished: Thread Group 1-95
2022-12-08 14:49:29,312 INFO o.a.j.t.JMeterThread: Thread finished: Thread Group 1-89
2022-12-08 14:49:29,313 INFO o.a.j.t.JMeterThread: Thread finished: Thread Group 1-96
2022-12-08 14:49:29,315 INFO o.a.j.t.JMeterThread: Thread finished: Thread Group 1-13
2022-12-08 14:49:29,318 INFO o.a.j.t.JMeterThread: Thread finished: Thread Group 1-52
2022-12-08 14:49:29,321 INFO o.a.j.t.JMeterThread: Thread finished: Thread Group 1-6
2022-12-08 14:49:29,325 INFO o.a.j.t.JMeterThread: Thread finished: Thread Group 1-78
2022-12-08 14:49:29,330 INFO o.a.j.t.JMeterThread: Thread finished: Thread Group 1-57
2022-12-08 14:49:29,332 INFO o.a.j.t.JMeterThread: Thread finished: Thread Group 1-53
2022-12-08 14:49:29,338 INFO o.a.j.t.JMeterThread: Thread finished: Thread Group 1-88
2022-12-08 14:49:29,338 INFO o.a.j.t.JMeterThread: Thread finished: Thread Group 1-1
2022-12-08 14:49:29,339 INFO o.a.j.t.JMeterThread: Thread finished: Thread Group 1-76
2022-12-08 14:49:29,341 INFO o.a.j.t.JMeterThread: Thread finished: Thread Group 1-5
2022-12-08 14:49:29,344 INFO o.a.j.t.JMeterThread: Thread finished: Thread Group 1-87
2022-12-08 14:49:29,351 INFO o.a.j.t.JMeterThread: Thread finished: Thread Group 1-37
2022-12-08 14:49:29,357 INFO o.a.j.t.JMeterThread: Thread finished: Thread Group 1-84
2022-12-08 14:49:29,360 INFO o.a.j.t.JMeterThread: Thread finished: Thread Group 1-10
2022-12-08 14:49:29,362 INFO o.a.j.t.JMeterThread: Thread finished: Thread Group 1-85
2022-12-08 14:49:29,365 INFO o.a.j.t.JMeterThread: Thread finished: Thread Group 1-65
2022-12-08 14:49:29,367 INFO o.a.j.t.JMeterThread: Thread finished: Thread Group 1-55
2022-12-08 14:49:29,369 INFO o.a.j.t.JMeterThread: Thread finished: Thread Group 1-98
2022-12-08 14:49:29,372 INFO o.a.j.t.JMeterThread: Thread finished: Thread Group 1-100
2022-12-08 14:49:29,375 INFO o.a.j.t.JMeterThread: Thread finished: Thread Group 1-22
2022-12-08 14:49:29,378 INFO o.a.j.t.JMeterThread: Thread finished: Thread Group 1-80
2022-12-08 14:49:29,380 INFO o.a.j.t.JMeterThread: Thread finished: Thread Group 1-82
2022-12-08 14:49:29,384 INFO o.a.j.t.JMeterThread: Thread finished: Thread Group 1-7
2022-12-08 14:49:29,384 INFO o.a.j.t.JMeterThread: Thread finished: Thread Group 1-35
2022-12-08 14:49:29,386 INFO o.a.j.t.JMeterThread: Thread finished: Thread Group 1-67
2022-12-08 14:49:29,388 INFO o.a.j.t.JMeterThread: Thread finished: Thread Group 1-21
2022-12-08 14:49:29,389 INFO o.a.j.t.JMeterThread: Thread finished: Thread Group 1-45
2022-12-08 14:49:29,391 INFO o.a.j.t.JMeterThread: Thread finished: Thread Group 1-3
2022-12-08 14:49:29,393 INFO o.a.j.t.JMeterThread: Thread finished: Thread Group 1-47
2022-12-08 14:49:29,395 INFO o.a.j.t.JMeterThread: Thread finished: Thread Group 1-91
2022-12-08 14:49:29,405 INFO o.a.j.t.JMeterThread: Thread finished: Thread Group 1-18
2022-12-08 14:49:29,407 INFO o.a.j.t.JMeterThread: Thread finished: Thread Group 1-2
2022-12-08 14:49:29,408 INFO o.a.j.e.StandardJMeterEngine: Notifying test listeners of end of test
2022-12-08 14:49:29,408 INFO o.a.j.g.u.JMeterMenuBar: setRunning(false, *local*)
2022-12-08 14:49:57,152 INFO o.a.j.e.StandardJMeterEngine: Running the test!
2022-12-08 14:49:57,152 INFO o.a.j.s.SampleEvent: List of sample_variables: []
2022-12-08 14:49:57,154 INFO o.a.j.g.u.JMeterMenuBar: setRunning(true, *local*)
2022-12-08 14:49:57,194 INFO o.a.j.e.StandardJMeterEngine: Starting ThreadGroup: 1 : Thread Group
2022-12-08 14:49:57,194 INFO o.a.j.e.StandardJMeterEngine: Starting 100 threads for group Thread Group.
2022-12-08 14:49:57,194 INFO o.a.j.e.StandardJMeterEngine: Thread will continue on error
2022-12-08 14:49:57,195 INFO o.a.j.t.ThreadGroup: Starting thread group... number=1 threads=100 ramp-up=60 delayedStart=false
2022-12-08 14:49:57,196 INFO o.a.j.t.JMeterThread: Thread started: Thread Group 1-1
2022-12-08 14:49:57,269 INFO o.a.j.t.ThreadGroup: Started thread group number 1
2022-12-08 14:49:57,269 INFO o.a.j.e.StandardJMeterEngine: All thread groups have been started
2022-12-08 14:49:57,796 INFO o.a.j.t.JMeterThread: Thread started: Thread Group 1-2
2022-12-08 14:49:58,398 INFO o.a.j.t.JMeterThread: Thread started: Thread Group 1-3
2022-12-08 14:49:58,997 INFO o.a.j.t.JMeterThread: Thread started: Thread Group 1-4
2022-12-08 14:49:59,597 INFO o.a.j.t.JMeterThread: Thread started: Thread Group 1-5
2022-12-08 14:50:00,195 INFO o.a.j.t.JMeterThread: Thread started: Thread Group 1-6
2022-12-08 14:50:00,797 INFO o.a.j.t.JMeterThread: Thread started: Thread Group 1-7
2022-12-08 14:50:01,395 INFO o.a.j.t.JMeterThread: Thread started: Thread Group 1-8
2022-12-08 14:50:01,995 INFO o.a.j.t.JMeterThread: Thread started: Thread Group 1-9
2022-12-08 14:50:02,598 INFO o.a.j.t.JMeterThread: Thread started: Thread Group 1-10
2022-12-08 14:50:03,195 INFO o.a.j.t.JMeterThread: Thread started: Thread Group 1-11
2022-12-08 14:50:03,797 INFO o.a.j.t.JMeterThread: Thread started: Thread Group 1-12
2022-12-08 14:50:04,397 INFO o.a.j.t.JMeterThread: Thread started: Thread Group 1-13
2022-12-08 14:50:04,996 INFO o.a.j.t.JMeterThread: Thread started: Thread Group 1-14
2022-12-08 14:50:05,596 INFO o.a.j.t.JMeterThread: Thread started: Thread Group 1-15
2022-12-08 14:50:06,195 INFO o.a.j.t.JMeterThread: Thread started: Thread Group 1-16
2022-12-08 14:50:06,796 INFO o.a.j.t.JMeterThread: Thread started: Thread Group 1-17
2022-12-08 14:50:07,396 INFO o.a.j.t.JMeterThread: Thread started: Thread Group 1-18
2022-12-08 14:50:07,998 INFO o.a.j.t.JMeterThread: Thread started: Thread Group 1-19
2022-12-08 14:50:08,598 INFO o.a.j.t.JMeterThread: Thread started: Thread Group 1-20
2022-12-08 14:50:09,196 INFO o.a.j.t.JMeterThread: Thread started: Thread Group 1-21
2022-12-08 14:50:09,796 INFO o.a.j.t.JMeterThread: Thread started: Thread Group 1-22
2022-12-08 14:50:10,395 INFO o.a.j.t.JMeterThread: Thread started: Thread Group 1-23
2022-12-08 14:50:10,996 INFO o.a.j.t.JMeterThread: Thread started: Thread Group 1-24
2022-12-08 14:50:11,596 INFO o.a.j.t.JMeterThread: Thread started: Thread Group 1-25
2022-12-08 14:50:12,197 INFO o.a.j.t.JMeterThread: Thread started: Thread Group 1-26
2022-12-08 14:50:12,800 INFO o.a.j.t.JMeterThread: Thread started: Thread Group 1-27
2022-12-08 14:50:13,396 INFO o.a.j.t.JMeterThread: Thread started: Thread Group 1-28
2022-12-08 14:50:13,997 INFO o.a.j.t.JMeterThread: Thread started: Thread Group 1-29
2022-12-08 14:50:14,596 INFO o.a.j.t.JMeterThread: Thread started: Thread Group 1-30
2022-12-08 14:50:15,195 INFO o.a.j.t.JMeterThread: Thread started: Thread Group 1-31
2022-12-08 14:50:15,795 INFO o.a.j.t.JMeterThread: Thread started: Thread Group 1-32
2022-12-08 14:50:16,396 INFO o.a.j.t.JMeterThread: Thread started: Thread Group 1-33
2022-12-08 14:50:16,995 INFO o.a.j.t.JMeterThread: Thread started: Thread Group 1-34
2022-12-08 14:50:17,595 INFO o.a.j.t.JMeterThread: Thread started: Thread Group 1-35
2022-12-08 14:50:18,196 INFO o.a.j.t.JMeterThread: Thread started: Thread Group 1-36
2022-12-08 14:50:18,798 INFO o.a.j.t.JMeterThread: Thread started: Thread Group 1-37
2022-12-08 14:50:19,396 INFO o.a.j.t.JMeterThread: Thread started: Thread Group 1-38
2022-12-08 14:50:19,995 INFO o.a.j.t.JMeterThread: Thread started: Thread Group 1-39
2022-12-08 14:50:20,596 INFO o.a.j.t.JMeterThread: Thread started: Thread Group 1-40
2022-12-08 14:50:21,195 INFO o.a.j.t.JMeterThread: Thread started: Thread Group 1-41
2022-12-08 14:50:21,795 INFO o.a.j.t.JMeterThread: Thread started: Thread Group 1-42
2022-12-08 14:50:22,396 INFO o.a.j.t.JMeterThread: Thread started: Thread Group 1-43
2022-12-08 14:50:22,996 INFO o.a.j.t.JMeterThread: Thread started: Thread Group 1-44
2022-12-08 14:50:23,595 INFO o.a.j.t.JMeterThread: Thread started: Thread Group 1-45
2022-12-08 14:50:24,197 INFO o.a.j.t.JMeterThread: Thread started: Thread Group 1-46
2022-12-08 14:50:24,797 INFO o.a.j.t.JMeterThread: Thread started: Thread Group 1-47
2022-12-08 14:50:25,400 INFO o.a.j.t.JMeterThread: Thread started: Thread Group 1-48
2022-12-08 14:50:25,998 INFO o.a.j.t.JMeterThread: Thread started: Thread Group 1-49
2022-12-08 14:50:26,597 INFO o.a.j.t.JMeterThread: Thread started: Thread Group 1-50
2022-12-08 14:50:27,197 INFO o.a.j.t.JMeterThread: Thread started: Thread Group 1-51
2022-12-08 14:50:27,796 INFO o.a.j.t.JMeterThread: Thread started: Thread Group 1-52
2022-12-08 14:50:28,397 INFO o.a.j.t.JMeterThread: Thread started: Thread Group 1-53
2022-12-08 14:50:28,997 INFO o.a.j.t.JMeterThread: Thread started: Thread Group 1-54
2022-12-08 14:50:29,595 INFO o.a.j.t.JMeterThread: Thread started: Thread Group 1-55
2022-12-08 14:50:30,197 INFO o.a.j.t.JMeterThread: Thread started: Thread Group 1-56
2022-12-08 14:50:30,796 INFO o.a.j.t.JMeterThread: Thread started: Thread Group 1-57
2022-12-08 14:50:31,396 INFO o.a.j.t.JMeterThread: Thread started: Thread Group 1-58
2022-12-08 14:50:31,996 INFO o.a.j.t.JMeterThread: Thread started: Thread Group 1-59
2022-12-08 14:50:32,597 INFO o.a.j.t.JMeterThread: Thread started: Thread Group 1-60
2022-12-08 14:50:33,195 INFO o.a.j.t.JMeterThread: Thread started: Thread Group 1-61
2022-12-08 14:50:33,796 INFO o.a.j.t.JMeterThread: Thread started: Thread Group 1-62
2022-12-08 14:50:34,396 INFO o.a.j.t.JMeterThread: Thread started: Thread Group 1-63
2022-12-08 14:50:34,996 INFO o.a.j.t.JMeterThread: Thread started: Thread Group 1-64
2022-12-08 14:50:35,597 INFO o.a.j.t.JMeterThread: Thread started: Thread Group 1-65
2022-12-08 14:50:36,196 INFO o.a.j.t.JMeterThread: Thread started: Thread Group 1-66
2022-12-08 14:50:36,797 INFO o.a.j.t.JMeterThread: Thread started: Thread Group 1-67
2022-12-08 14:50:37,397 INFO o.a.j.t.JMeterThread: Thread started: Thread Group 1-68
2022-12-08 14:50:37,996 INFO o.a.j.t.JMeterThread: Thread started: Thread Group 1-69
2022-12-08 14:50:38,596 INFO o.a.j.t.JMeterThread: Thread started: Thread Group 1-70
2022-12-08 14:50:39,197 INFO o.a.j.t.JMeterThread: Thread started: Thread Group 1-71
2022-12-08 14:50:39,797 INFO o.a.j.t.JMeterThread: Thread started: Thread Group 1-72
2022-12-08 14:50:40,398 INFO o.a.j.t.JMeterThread: Thread started: Thread Group 1-73
2022-12-08 14:50:40,995 INFO o.a.j.t.JMeterThread: Thread started: Thread Group 1-74
2022-12-08 14:50:41,596 INFO o.a.j.t.JMeterThread: Thread started: Thread Group 1-75
2022-12-08 14:50:42,199 INFO o.a.j.t.JMeterThread: Thread started: Thread Group 1-76
2022-12-08 14:50:42,800 INFO o.a.j.t.JMeterThread: Thread started: Thread Group 1-77
2022-12-08 14:50:43,397 INFO o.a.j.t.JMeterThread: Thread started: Thread Group 1-78
2022-12-08 14:50:43,995 INFO o.a.j.t.JMeterThread: Thread started: Thread Group 1-79
2022-12-08 14:50:44,596 INFO o.a.j.t.JMeterThread: Thread started: Thread Group 1-80
2022-12-08 14:50:45,195 INFO o.a.j.t.JMeterThread: Thread started: Thread Group 1-81
2022-12-08 14:50:45,797 INFO o.a.j.t.JMeterThread: Thread started: Thread Group 1-82
2022-12-08 14:50:46,397 INFO o.a.j.t.JMeterThread: Thread started: Thread Group 1-83
2022-12-08 14:50:46,995 INFO o.a.j.t.JMeterThread: Thread started: Thread Group 1-84
2022-12-08 14:50:47,596 INFO o.a.j.t.JMeterThread: Thread started: Thread Group 1-85
2022-12-08 14:50:48,195 INFO o.a.j.t.JMeterThread: Thread started: Thread Group 1-86
2022-12-08 14:50:48,797 INFO o.a.j.t.JMeterThread: Thread started: Thread Group 1-87
2022-12-08 14:50:49,396 INFO o.a.j.t.JMeterThread: Thread started: Thread Group 1-88
2022-12-08 14:50:49,997 INFO o.a.j.t.JMeterThread: Thread started: Thread Group 1-89
2022-12-08 14:50:50,597 INFO o.a.j.t.JMeterThread: Thread started: Thread Group 1-90
2022-12-08 14:50:51,196 INFO o.a.j.t.JMeterThread: Thread started: Thread Group 1-91
2022-12-08 14:50:51,796 INFO o.a.j.t.JMeterThread: Thread started: Thread Group 1-92
2022-12-08 14:50:52,400 INFO o.a.j.t.JMeterThread: Thread started: Thread Group 1-93
2022-12-08 14:50:52,996 INFO o.a.j.t.JMeterThread: Thread started: Thread Group 1-94
2022-12-08 14:50:53,601 INFO o.a.j.t.JMeterThread: Thread started: Thread Group 1-95
2022-12-08 14:50:54,196 INFO o.a.j.t.JMeterThread: Thread started: Thread Group 1-96
2022-12-08 14:50:54,797 INFO o.a.j.t.JMeterThread: Thread started: Thread Group 1-97
2022-12-08 14:50:55,397 INFO o.a.j.t.JMeterThread: Thread started: Thread Group 1-98
2022-12-08 14:50:55,995 INFO o.a.j.t.JMeterThread: Thread started: Thread Group 1-99
2022-12-08 14:50:56,597 INFO o.a.j.t.JMeterThread: Thread started: Thread Group 1-100
2022-12-08 14:51:29,686 INFO o.a.j.g.a.Start: Shutting test down
2022-12-08 14:51:29,691 INFO o.a.j.t.JMeterThread: Stopping: Thread Group 1-72
2022-12-08 14:51:29,691 INFO o.a.j.t.JMeterThread: Stopping: Thread Group 1-89
2022-12-08 14:51:29,691 INFO o.a.j.t.JMeterThread: Stopping: Thread Group 1-69
2022-12-08 14:51:29,691 INFO o.a.j.t.JMeterThread: Stopping: Thread Group 1-100
2022-12-08 14:51:29,691 INFO o.a.j.t.JMeterThread: Stopping: Thread Group 1-47
2022-12-08 14:51:29,691 INFO o.a.j.t.JMeterThread: Stopping: Thread Group 1-82
2022-12-08 14:51:29,691 INFO o.a.j.t.JMeterThread: Stopping: Thread Group 1-25
2022-12-08 14:51:29,691 INFO o.a.j.t.JMeterThread: Stopping: Thread Group 1-71
2022-12-08 14:51:29,691 INFO o.a.j.t.JMeterThread: Stopping: Thread Group 1-18
2022-12-08 14:51:29,691 INFO o.a.j.t.JMeterThread: Stopping: Thread Group 1-50
2022-12-08 14:51:29,691 INFO o.a.j.t.JMeterThread: Stopping: Thread Group 1-58
2022-12-08 14:51:29,691 INFO o.a.j.t.JMeterThread: Stopping: Thread Group 1-64
2022-12-08 14:51:29,691 INFO o.a.j.t.JMeterThread: Stopping: Thread Group 1-77
2022-12-08 14:51:29,691 INFO o.a.j.t.JMeterThread: Stopping: Thread Group 1-91
2022-12-08 14:51:29,691 INFO o.a.j.t.JMeterThread: Stopping: Thread Group 1-15
2022-12-08 14:51:29,691 INFO o.a.j.t.JMeterThread: Stopping: Thread Group 1-76
2022-12-08 14:51:29,691 INFO o.a.j.t.JMeterThread: Stopping: Thread Group 1-75
2022-12-08 14:51:29,691 INFO o.a.j.t.JMeterThread: Stopping: Thread Group 1-86
2022-12-08 14:51:29,692 INFO o.a.j.t.JMeterThread: Stopping: Thread Group 1-20
2022-12-08 14:51:29,692 INFO o.a.j.t.JMeterThread: Stopping: Thread Group 1-28
2022-12-08 14:51:29,692 INFO o.a.j.t.JMeterThread: Stopping: Thread Group 1-38
2022-12-08 14:51:29,692 INFO o.a.j.t.JMeterThread: Stopping: Thread Group 1-85
2022-12-08 14:51:29,692 INFO o.a.j.t.JMeterThread: Stopping: Thread Group 1-31
2022-12-08 14:51:29,692 INFO o.a.j.t.JMeterThread: Stopping: Thread Group 1-7
2022-12-08 14:51:29,692 INFO o.a.j.t.JMeterThread: Stopping: Thread Group 1-78
2022-12-08 14:51:29,692 INFO o.a.j.t.JMeterThread: Stopping: Thread Group 1-40
2022-12-08 14:51:29,692 INFO o.a.j.t.JMeterThread: Stopping: Thread Group 1-32
2022-12-08 14:51:29,692 INFO o.a.j.t.JMeterThread: Stopping: Thread Group 1-22
2022-12-08 14:51:29,692 INFO o.a.j.t.JMeterThread: Stopping: Thread Group 1-63
2022-12-08 14:51:29,692 INFO o.a.j.t.JMeterThread: Stopping: Thread Group 1-42
2022-12-08 14:51:29,692 INFO o.a.j.t.JMeterThread: Stopping: Thread Group 1-1
2022-12-08 14:51:29,692 INFO o.a.j.t.JMeterThread: Stopping: Thread Group 1-90
2022-12-08 14:51:29,692 INFO o.a.j.t.JMeterThread: Stopping: Thread Group 1-70
2022-12-08 14:51:29,692 INFO o.a.j.t.JMeterThread: Stopping: Thread Group 1-33
2022-12-08 14:51:29,692 INFO o.a.j.t.JMeterThread: Stopping: Thread Group 1-62
2022-12-08 14:51:29,692 INFO o.a.j.t.JMeterThread: Stopping: Thread Group 1-3
2022-12-08 14:51:29,692 INFO o.a.j.t.JMeterThread: Stopping: Thread Group 1-2
2022-12-08 14:51:29,692 INFO o.a.j.t.JMeterThread: Stopping: Thread Group 1-81
2022-12-08 14:51:29,692 INFO o.a.j.t.JMeterThread: Stopping: Thread Group 1-68
2022-12-08 14:51:29,692 INFO o.a.j.t.JMeterThread: Stopping: Thread Group 1-10
2022-12-08 14:51:29,692 INFO o.a.j.t.JMeterThread: Stopping: Thread Group 1-52
2022-12-08 14:51:29,692 INFO o.a.j.t.JMeterThread: Stopping: Thread Group 1-13
2022-12-08 14:51:29,692 INFO o.a.j.t.JMeterThread: Stopping: Thread Group 1-34
2022-12-08 14:51:29,692 INFO o.a.j.t.JMeterThread: Stopping: Thread Group 1-36
2022-12-08 14:51:29,692 INFO o.a.j.t.JMeterThread: Stopping: Thread Group 1-37
2022-12-08 14:51:29,692 INFO o.a.j.t.JMeterThread: Stopping: Thread Group 1-60
2022-12-08 14:51:29,692 INFO o.a.j.t.JMeterThread: Stopping: Thread Group 1-26
2022-12-08 14:51:29,692 INFO o.a.j.t.JMeterThread: Thread finished: Thread Group 1-31
2022-12-08 14:51:29,692 INFO o.a.j.t.JMeterThread: Stopping: Thread Group 1-29
2022-12-08 14:51:29,693 INFO o.a.j.t.JMeterThread: Stopping: Thread Group 1-57
2022-12-08 14:51:29,693 INFO o.a.j.t.JMeterThread: Stopping: Thread Group 1-74
2022-12-08 14:51:29,693 INFO o.a.j.t.JMeterThread: Stopping: Thread Group 1-9
2022-12-08 14:51:29,693 INFO o.a.j.t.JMeterThread: Stopping: Thread Group 1-44
2022-12-08 14:51:29,693 INFO o.a.j.t.JMeterThread: Stopping: Thread Group 1-41
2022-12-08 14:51:29,693 INFO o.a.j.t.JMeterThread: Stopping: Thread Group 1-30
2022-12-08 14:51:29,693 INFO o.a.j.t.JMeterThread: Stopping: Thread Group 1-17
2022-12-08 14:51:29,693 INFO o.a.j.t.JMeterThread: Stopping: Thread Group 1-59
2022-12-08 14:51:29,693 INFO o.a.j.t.JMeterThread: Stopping: Thread Group 1-98
2022-12-08 14:51:29,693 INFO o.a.j.t.JMeterThread: Stopping: Thread Group 1-51
2022-12-08 14:51:29,693 INFO o.a.j.t.JMeterThread: Stopping: Thread Group 1-53
2022-12-08 14:51:29,693 INFO o.a.j.t.JMeterThread: Stopping: Thread Group 1-12
2022-12-08 14:51:29,693 INFO o.a.j.t.JMeterThread: Stopping: Thread Group 1-43
2022-12-08 14:51:29,693 INFO o.a.j.t.JMeterThread: Stopping: Thread Group 1-88
2022-12-08 14:51:29,693 INFO o.a.j.t.JMeterThread: Stopping: Thread Group 1-65
2022-12-08 14:51:29,693 INFO o.a.j.t.JMeterThread: Stopping: Thread Group 1-94
2022-12-08 14:51:29,693 INFO o.a.j.t.JMeterThread: Stopping: Thread Group 1-80
2022-12-08 14:51:29,693 INFO o.a.j.t.JMeterThread: Stopping: Thread Group 1-73
2022-12-08 14:51:29,693 INFO o.a.j.t.JMeterThread: Stopping: Thread Group 1-49
2022-12-08 14:51:29,693 INFO o.a.j.t.JMeterThread: Stopping: Thread Group 1-61
2022-12-08 14:51:29,693 INFO o.a.j.t.JMeterThread: Stopping: Thread Group 1-14
2022-12-08 14:51:29,693 INFO o.a.j.t.JMeterThread: Stopping: Thread Group 1-24
2022-12-08 14:51:29,693 INFO o.a.j.t.JMeterThread: Stopping: Thread Group 1-16
2022-12-08 14:51:29,693 INFO o.a.j.t.JMeterThread: Stopping: Thread Group 1-21
2022-12-08 14:51:29,693 INFO o.a.j.t.JMeterThread: Stopping: Thread Group 1-95
2022-12-08 14:51:29,693 INFO o.a.j.t.JMeterThread: Stopping: Thread Group 1-46
2022-12-08 14:51:29,693 INFO o.a.j.t.JMeterThread: Stopping: Thread Group 1-67
2022-12-08 14:51:29,693 INFO o.a.j.t.JMeterThread: Stopping: Thread Group 1-4
2022-12-08 14:51:29,693 INFO o.a.j.t.JMeterThread: Stopping: Thread Group 1-5
2022-12-08 14:51:29,693 INFO o.a.j.t.JMeterThread: Stopping: Thread Group 1-56
2022-12-08 14:51:29,693 INFO o.a.j.t.JMeterThread: Stopping: Thread Group 1-93
2022-12-08 14:51:29,694 INFO o.a.j.t.JMeterThread: Stopping: Thread Group 1-35
2022-12-08 14:51:29,694 INFO o.a.j.t.JMeterThread: Stopping: Thread Group 1-19
2022-12-08 14:51:29,694 INFO o.a.j.t.JMeterThread: Stopping: Thread Group 1-6
2022-12-08 14:51:29,694 INFO o.a.j.t.JMeterThread: Stopping: Thread Group 1-54
2022-12-08 14:51:29,694 INFO o.a.j.t.JMeterThread: Stopping: Thread Group 1-92
2022-12-08 14:51:29,694 INFO o.a.j.t.JMeterThread: Stopping: Thread Group 1-79
2022-12-08 14:51:29,694 INFO o.a.j.t.JMeterThread: Stopping: Thread Group 1-99
2022-12-08 14:51:29,694 INFO o.a.j.t.JMeterThread: Stopping: Thread Group 1-48
2022-12-08 14:51:29,694 INFO o.a.j.t.JMeterThread: Stopping: Thread Group 1-96
2022-12-08 14:51:29,694 INFO o.a.j.t.JMeterThread: Stopping: Thread Group 1-11
2022-12-08 14:51:29,694 INFO o.a.j.t.JMeterThread: Stopping: Thread Group 1-45
2022-12-08 14:51:29,695 INFO o.a.j.t.JMeterThread: Stopping: Thread Group 1-23
2022-12-08 14:51:29,695 INFO o.a.j.t.JMeterThread: Stopping: Thread Group 1-83
2022-12-08 14:51:29,695 INFO o.a.j.t.JMeterThread: Thread finished: Thread Group 1-59
2022-12-08 14:51:29,695 INFO o.a.j.t.JMeterThread: Stopping: Thread Group 1-87
2022-12-08 14:51:29,695 INFO o.a.j.t.JMeterThread: Stopping: Thread Group 1-55
2022-12-08 14:51:29,695 INFO o.a.j.t.JMeterThread: Stopping: Thread Group 1-39
2022-12-08 14:51:29,695 INFO o.a.j.t.JMeterThread: Stopping: Thread Group 1-8
2022-12-08 14:51:29,695 INFO o.a.j.t.JMeterThread: Stopping: Thread Group 1-84
2022-12-08 14:51:29,695 INFO o.a.j.t.JMeterThread: Stopping: Thread Group 1-66
2022-12-08 14:51:29,695 INFO o.a.j.t.JMeterThread: Stopping: Thread Group 1-27
2022-12-08 14:51:29,695 INFO o.a.j.t.JMeterThread: Stopping: Thread Group 1-97
2022-12-08 14:51:29,698 INFO o.a.j.t.JMeterThread: Thread finished: Thread Group 1-22
2022-12-08 14:51:29,699 INFO o.a.j.t.JMeterThread: Thread finished: Thread Group 1-80
2022-12-08 14:51:29,704 INFO o.a.j.t.JMeterThread: Thread finished: Thread Group 1-78
2022-12-08 14:51:29,705 INFO o.a.j.t.JMeterThread: Thread finished: Thread Group 1-4
2022-12-08 14:51:29,707 INFO o.a.j.t.JMeterThread: Thread finished: Thread Group 1-19
2022-12-08 14:51:29,711 INFO o.a.j.t.JMeterThread: Thread finished: Thread Group 1-88
2022-12-08 14:51:29,718 INFO o.a.j.t.JMeterThread: Thread finished: Thread Group 1-58
2022-12-08 14:51:29,718 INFO o.a.j.t.JMeterThread: Thread finished: Thread Group 1-5
2022-12-08 14:51:29,724 INFO o.a.j.t.JMeterThread: Thread finished: Thread Group 1-39
2022-12-08 14:51:29,727 INFO o.a.j.t.JMeterThread: Thread finished: Thread Group 1-18
2022-12-08 14:51:29,727 INFO o.a.j.t.JMeterThread: Thread finished: Thread Group 1-94
2022-12-08 14:51:29,730 INFO o.a.j.t.JMeterThread: Thread finished: Thread Group 1-65
2022-12-08 14:51:29,732 INFO o.a.j.t.JMeterThread: Thread finished: Thread Group 1-61
2022-12-08 14:51:29,736 INFO o.a.j.t.JMeterThread: Thread finished: Thread Group 1-27
2022-12-08 14:51:29,738 INFO o.a.j.t.JMeterThread: Thread finished: Thread Group 1-63
2022-12-08 14:51:29,739 INFO o.a.j.t.JMeterThread: Thread finished: Thread Group 1-71
2022-12-08 14:51:29,741 INFO o.a.j.t.JMeterThread: Thread finished: Thread Group 1-75
2022-12-08 14:51:29,743 INFO o.a.j.t.JMeterThread: Thread finished: Thread Group 1-24
2022-12-08 14:51:29,744 INFO o.a.j.t.JMeterThread: Thread finished: Thread Group 1-46
2022-12-08 14:51:29,746 INFO o.a.j.t.JMeterThread: Thread finished: Thread Group 1-7
2022-12-08 14:51:29,749 INFO o.a.j.t.JMeterThread: Thread finished: Thread Group 1-36
2022-12-08 14:51:29,750 INFO o.a.j.t.JMeterThread: Thread finished: Thread Group 1-72
2022-12-08 14:51:29,752 INFO o.a.j.t.JMeterThread: Thread finished: Thread Group 1-41
2022-12-08 14:51:29,754 INFO o.a.j.t.JMeterThread: Thread finished: Thread Group 1-8
2022-12-08 14:51:29,756 INFO o.a.j.t.JMeterThread: Thread finished: Thread Group 1-6
2022-12-08 14:51:29,758 INFO o.a.j.t.JMeterThread: Thread finished: Thread Group 1-16
2022-12-08 14:51:29,760 INFO o.a.j.t.JMeterThread: Thread finished: Thread Group 1-50
2022-12-08 14:51:29,761 INFO o.a.j.t.JMeterThread: Thread finished: Thread Group 1-40
2022-12-08 14:51:29,762 INFO o.a.j.t.JMeterThread: Thread finished: Thread Group 1-30
2022-12-08 14:51:29,763 INFO o.a.j.t.JMeterThread: Thread finished: Thread Group 1-84
2022-12-08 14:51:29,764 INFO o.a.j.t.JMeterThread: Thread finished: Thread Group 1-53
2022-12-08 14:51:29,766 INFO o.a.j.t.JMeterThread: Thread finished: Thread Group 1-34
2022-12-08 14:51:29,767 INFO o.a.j.t.JMeterThread: Thread finished: Thread Group 1-74
2022-12-08 14:51:29,768 INFO o.a.j.t.JMeterThread: Thread finished: Thread Group 1-9
2022-12-08 14:51:29,769 INFO o.a.j.t.JMeterThread: Thread finished: Thread Group 1-48
2022-12-08 14:51:29,770 INFO o.a.j.t.JMeterThread: Thread finished: Thread Group 1-45
2022-12-08 14:51:29,772 INFO o.a.j.t.JMeterThread: Thread finished: Thread Group 1-23
2022-12-08 14:51:29,772 INFO o.a.j.t.JMeterThread: Thread finished: Thread Group 1-3
2022-12-08 14:51:29,773 INFO o.a.j.t.JMeterThread: Thread finished: Thread Group 1-44
2022-12-08 14:51:29,774 INFO o.a.j.t.JMeterThread: Thread finished: Thread Group 1-87
2022-12-08 14:51:29,775 INFO o.a.j.t.JMeterThread: Thread finished: Thread Group 1-97
2022-12-08 14:51:29,779 INFO o.a.j.t.JMeterThread: Thread finished: Thread Group 1-2
2022-12-08 14:51:29,782 INFO o.a.j.t.JMeterThread: Thread finished: Thread Group 1-35
2022-12-08 14:51:29,786 INFO o.a.j.t.JMeterThread: Thread finished: Thread Group 1-52
2022-12-08 14:51:29,789 INFO o.a.j.t.JMeterThread: Thread finished: Thread Group 1-12
2022-12-08 14:51:29,792 INFO o.a.j.t.JMeterThread: Thread finished: Thread Group 1-66
2022-12-08 14:51:29,795 INFO o.a.j.t.JMeterThread: Thread finished: Thread Group 1-70
2022-12-08 14:51:29,798 INFO o.a.j.t.JMeterThread: Thread finished: Thread Group 1-83
2022-12-08 14:51:29,799 INFO o.a.j.t.JMeterThread: Thread finished: Thread Group 1-92
2022-12-08 14:51:29,800 INFO o.a.j.t.JMeterThread: Thread finished: Thread Group 1-42
2022-12-08 14:51:29,802 INFO o.a.j.t.JMeterThread: Thread finished: Thread Group 1-79
2022-12-08 14:51:29,812 INFO o.a.j.t.JMeterThread: Thread finished: Thread Group 1-100
2022-12-08 14:51:29,814 INFO o.a.j.t.JMeterThread: Thread finished: Thread Group 1-91
2022-12-08 14:51:29,816 INFO o.a.j.t.JMeterThread: Thread finished: Thread Group 1-77
2022-12-08 14:51:29,818 INFO o.a.j.t.JMeterThread: Thread finished: Thread Group 1-68
2022-12-08 14:51:29,820 INFO o.a.j.t.JMeterThread: Thread finished: Thread Group 1-55
2022-12-08 14:51:29,822 INFO o.a.j.t.JMeterThread: Thread finished: Thread Group 1-62
2022-12-08 14:51:29,825 INFO o.a.j.t.JMeterThread: Thread finished: Thread Group 1-82
2022-12-08 14:51:29,826 INFO o.a.j.t.JMeterThread: Thread finished: Thread Group 1-89
2022-12-08 14:51:29,829 INFO o.a.j.t.JMeterThread: Thread finished: Thread Group 1-95
2022-12-08 14:51:29,831 INFO o.a.j.t.JMeterThread: Thread finished: Thread Group 1-85
2022-12-08 14:51:29,832 INFO o.a.j.t.JMeterThread: Thread finished: Thread Group 1-96
2022-12-08 14:51:29,834 INFO o.a.j.t.JMeterThread: Thread finished: Thread Group 1-17
2022-12-08 14:51:29,835 INFO o.a.j.t.JMeterThread: Thread finished: Thread Group 1-37
2022-12-08 14:51:29,837 INFO o.a.j.t.JMeterThread: Thread finished: Thread Group 1-81
2022-12-08 14:51:29,839 INFO o.a.j.t.JMeterThread: Thread finished: Thread Group 1-49
2022-12-08 14:51:29,843 INFO o.a.j.t.JMeterThread: Thread finished: Thread Group 1-93
2022-12-08 14:51:29,845 INFO o.a.j.t.JMeterThread: Thread finished: Thread Group 1-64
2022-12-08 14:51:29,848 INFO o.a.j.t.JMeterThread: Thread finished: Thread Group 1-90
2022-12-08 14:51:29,850 INFO o.a.j.t.JMeterThread: Thread finished: Thread Group 1-86
2022-12-08 14:51:29,853 INFO o.a.j.t.JMeterThread: Thread finished: Thread Group 1-38
2022-12-08 14:51:29,855 INFO o.a.j.t.JMeterThread: Thread finished: Thread Group 1-29
2022-12-08 14:51:29,856 INFO o.a.j.t.JMeterThread: Thread finished: Thread Group 1-25
2022-12-08 14:51:29,858 INFO o.a.j.t.JMeterThread: Thread finished: Thread Group 1-10
2022-12-08 14:51:29,860 INFO o.a.j.t.JMeterThread: Thread finished: Thread Group 1-67
2022-12-08 14:51:29,860 INFO o.a.j.t.JMeterThread: Thread finished: Thread Group 1-54
2022-12-08 14:51:29,864 INFO o.a.j.t.JMeterThread: Thread finished: Thread Group 1-43
2022-12-08 14:51:29,867 INFO o.a.j.t.JMeterThread: Thread finished: Thread Group 1-51
2022-12-08 14:51:29,869 INFO o.a.j.t.JMeterThread: Thread finished: Thread Group 1-98
2022-12-08 14:51:29,871 INFO o.a.j.t.JMeterThread: Thread finished: Thread Group 1-21
2022-12-08 14:51:29,872 INFO o.a.j.t.JMeterThread: Thread finished: Thread Group 1-56
2022-12-08 14:51:29,874 INFO o.a.j.t.JMeterThread: Thread finished: Thread Group 1-60
2022-12-08 14:51:29,875 INFO o.a.j.t.JMeterThread: Thread finished: Thread Group 1-15
2022-12-08 14:51:29,878 INFO o.a.j.t.JMeterThread: Thread finished: Thread Group 1-99
2022-12-08 14:51:29,880 INFO o.a.j.t.JMeterThread: Thread finished: Thread Group 1-11
2022-12-08 14:51:29,882 INFO o.a.j.t.JMeterThread: Thread finished: Thread Group 1-28
2022-12-08 14:51:29,885 INFO o.a.j.t.JMeterThread: Thread finished: Thread Group 1-13
2022-12-08 14:51:29,887 INFO o.a.j.t.JMeterThread: Thread finished: Thread Group 1-26
2022-12-08 14:51:29,889 INFO o.a.j.t.JMeterThread: Thread finished: Thread Group 1-1
2022-12-08 14:51:29,891 INFO o.a.j.t.JMeterThread: Thread finished: Thread Group 1-76
2022-12-08 14:51:29,894 INFO o.a.j.t.JMeterThread: Thread finished: Thread Group 1-20
2022-12-08 14:51:29,894 INFO o.a.j.t.JMeterThread: Thread finished: Thread Group 1-69
2022-12-08 14:51:29,894 INFO o.a.j.t.JMeterThread: Thread finished: Thread Group 1-14
2022-12-08 14:51:29,894 INFO o.a.j.t.JMeterThread: Thread finished: Thread Group 1-47
2022-12-08 14:51:29,894 INFO o.a.j.t.JMeterThread: Thread finished: Thread Group 1-33
2022-12-08 14:51:29,897 INFO o.a.j.t.JMeterThread: Thread finished: Thread Group 1-73
2022-12-08 14:51:29,897 INFO o.a.j.t.JMeterThread: Thread finished: Thread Group 1-32
2022-12-08 14:51:29,897 INFO o.a.j.t.JMeterThread: Thread finished: Thread Group 1-57
2022-12-08 14:51:29,898 INFO o.a.j.e.StandardJMeterEngine: Notifying test listeners of end of test
2022-12-08 14:51:29,898 INFO o.a.j.g.u.JMeterMenuBar: setRunning(false, *local*)
2022-12-08 14:52:19,819 INFO o.a.j.g.JMeterUIDefaults: Applying font scale factor: 1.7715611
2022-12-08 14:52:22,308 INFO o.a.j.g.JMeterUIDefaults: Applying font scale factor: 1.9487174
